<?xml version="1.0" encoding="utf-8"?><testsuites><testsuite name="pytest" errors="0" failures="0" skipped="0" tests="5" time="0.138" timestamp="2023-03-15T13:30:27.110289" hostname="DESKTOP-VSL1SUO"><testcase classname="tests.test_bytebank.TestClass" name="test_quando_idade_recebe_13_03_2000_deve_retornar_22" time="0.010" /><testcase classname="tests.test_bytebank.TestClass" name="test_quando_nome_recebe_Henrique_Oliveira_deve_retornar_Oliveira" time="0.002" /><testcase classname="tests.test_bytebank.TestClass" name="test_quando_decrescimo_salario_recebe_100000_deve_retornar_90000" time="0.002" /><testcase classname="tests.test_bytebank.TestClass" name="test_quando_calcular_bonus_recebe_1000_deve_retornar_100" time="0.002" /><testcase classname="tests.test_bytebank.TestClass" name="test_quando_calcular_bonus_recebe_10000000_deve_retornar_exception" time="0.002" /></testsuite></testsuites>